android/app/build/outputs/logs/manifest-merger-debug-report.txt
-- Merging decision tree log ---
manifest
ADDED from src\main\AndroidManifest.xml:1:1-36:12
INJECTED from src\main\AndroidManifest.xml:1:1-36:12
INJECTED from src\main\AndroidManifest.xml:1:1-36:12
INJECTED from src\main\AndroidManifest.xml:1:1-36:12
MERGED from src\main\AndroidManifest.xml:1:1-36:12
MERGED from [:image_picker_android] AndroidManifest.xml:2:1-19:12
MERGED from [:flutter_plugin_android_lifecycle] AndroidManifest.xml:2:1-7:12
MERGED from [:background_fetch] AndroidManifest.xml:2:1-10:12
MERGED from [:sqflite] AndroidManifest.xml:2:1-7:12
MERGED from [:flutter_local_notifications] AndroidManifest.xml:2:1-28:12
MERGED from [:url_launcher_android] AndroidManifest.xml:2:1-14:12
MERGED from [:path_provider_android] AndroidManifest.xml:2:1-7:12
MERGED from [:shared_preferences_android] AndroidManifest.xml:2:1-7:12
MERGED from [:hexcolor] AndroidManifest.xml:2:1-7:12
MERGED from [:fluttertoast] AndroidManifest.xml:2:1-7:12
MERGED from [:advance_pdf_viewer] AndroidManifest.xml:2:1-7:12
MERGED from [:workmanager] AndroidManifest.xml:2:1-7:12
MERGED from [androidx.window:window-java:1.0.0-beta04] AndroidManifest.xml:17:1-23:12
MERGED from [androidx.window:window:1.0.0-beta04] AndroidManifest.xml:17:1-33:12
MERGED from [androidx.appcompat:appcompat:1.1.0] AndroidManifest.xml:17:1-24:12
MERGED from [androidx.exifinterface:exifinterface:1.3.0] AndroidManifest.xml:17:1-24:12
MERGED from [androidx.media:media:1.1.0] AndroidManifest.xml:17:1-24:12
MERGED from [androidx.work:work-runtime:2.4.0] AndroidManifest.xml:17:1-143:12
MERGED from [androidx.fragment:fragment:1.1.0] AndroidManifest.xml:17:1-24:12
MERGED from [androidx.appcompat:appcompat-resources:1.1.0] AndroidManifest.xml:17:1-24:12
MERGED from [androidx.drawerlayout:drawerlayout:1.0.0] AndroidManifest.xml:17:1-22:12
MERGED from [androidx.viewpager:viewpager:1.0.0] AndroidManifest.xml:17:1-22:12
MERGED from [androidx.loader:loader:1.0.0] AndroidManifest.xml:17:1-22:12
MERGED from [androidx.activity:activity:1.0.0] AndroidManifest.xml:17:1-24:12
MERGED from [androidx.vectordrawable:vectordrawable-animated:1.1.0] AndroidManifest.xml:17:1-24:12
MERGED from [androidx.vectordrawable:vectordrawable:1.1.0] AndroidManifest.xml:17:1-24:12
MERGED from [androidx.customview:customview:1.0.0] AndroidManifest.xml:17:1-22:12
MERGED from [androidx.core:core:1.6.0] AndroidManifest.xml:17:1-26:12
MERGED from [androidx.lifecycle:lifecycle-service:2.1.0] AndroidManifest.xml:17:1-22:12
MERGED from [androidx.lifecycle:lifecycle-runtime:2.2.0] AndroidManifest.xml:17:1-24:12
MERGED from [androidx.lifecycle:lifecycle-livedata:2.1.0] AndroidManifest.xml:17:1-22:12
MERGED from [androidx.lifecycle:lifecycle-livedata-core:2.1.0] AndroidManifest.xml:17:1-22:12
MERGED from [androidx.savedstate:savedstate:1.0.0] AndroidManifest.xml:17:1-24:12
MERGED from [androidx.tracing:tracing:1.0.0] AndroidManifest.xml:17:1-24:12
MERGED from [androidx.cursoradapter:cursoradapter:1.0.0] AndroidManifest.xml:17:1-22:12
MERGED from [androidx.room:room-runtime:2.2.5] AndroidManifest.xml:17:1-31:12
MERGED from [androidx.sqlite:sqlite-framework:2.1.0] AndroidManifest.xml:17:1-24:12
MERGED from [androidx.sqlite:sqlite:2.1.0] AndroidManifest.xml:17:1-24:12
MERGED from [androidx.versionedparcelable:versionedparcelable:1.1.1] AndroidManifest.xml:17:1-27:12
MERGED from [androidx.arch.core:core-runtime:2.1.0] AndroidManifest.xml:17:1-24:12
MERGED from [androidx.lifecycle:lifecycle-viewmodel:2.1.0] AndroidManifest.xml:17:1-22:12
MERGED from [androidx.interpolator:interpolator:1.0.0] AndroidManifest.xml:17:1-22:12
MERGED from [com.transistorsoft:tsbackgroundfetch:0.5.5] AndroidManifest.xml:2:1-34:12
MERGED from [com.jakewharton.threetenabp:threetenabp:1.2.3] AndroidManifest.xml:2:1-9:12
MERGED from [androidx.annotation:annotation-experimental:1.1.0] AndroidManifest.xml:17:1-24:12
INJECTED from src\debug\AndroidManifest.xml:1:1-29:12
INJECTED from src\debug\AndroidManifest.xml:1:1-29:12
INJECTED from src\debug\AndroidManifest.xml:1:1-29:12
	package
		ADDED from src\main\AndroidManifest.xml:3:5-34
		INJECTED from src\main\AndroidManifest.xml
		INJECTED from src\debug\AndroidManifest.xml
	android:versionName
		INJECTED from src\main\AndroidManifest.xml
		ADDED from src\main\AndroidManifest.xml:1:1-36:12
		INJECTED from src\debug\AndroidManifest.xml
	xmlns:tools
		ADDED from src\main\AndroidManifest.xml:2:5-51
		ADDED from src\main\AndroidManifest.xml:2:5-51
	android:versionCode
		INJECTED from src\main\AndroidManifest.xml
		ADDED from src\main\AndroidManifest.xml:1:1-36:12
		INJECTED from src\debug\AndroidManifest.xml
	xmlns:android
		ADDED from src\main\AndroidManifest.xml:1:11-69
uses-permission#android.permission.INTERNET
ADDED from src\main\AndroidManifest.xml:4:5-66
MERGED from src\main\AndroidManifest.xml:4:5-66
MERGED from src\main\AndroidManifest.xml:4:5-66
	android:name
		ADDED from src\main\AndroidManifest.xml:4:22-64
application
ADDED from src\main\AndroidManifest.xml:5:4-35:19
MERGED from [:image_picker_android] AndroidManifest.xml:7:5-17:19
MERGED from [:image_picker_android] AndroidManifest.xml:7:5-17:19
MERGED from [:background_fetch] AndroidManifest.xml:7:5-8:19
MERGED from [:background_fetch] AndroidManifest.xml:7:5-8:19
MERGED from [:flutter_local_notifications] AndroidManifest.xml:12:5-26:19
MERGED from [:flutter_local_notifications] AndroidManifest.xml:12:5-26:19
MERGED from [:url_launcher_android] AndroidManifest.xml:7:5-12:19
MERGED from [:url_launcher_android] AndroidManifest.xml:7:5-12:19
MERGED from [androidx.window:window:1.0.0-beta04] AndroidManifest.xml:24:5-31:19
MERGED from [androidx.window:window:1.0.0-beta04] AndroidManifest.xml:24:5-31:19
MERGED from [androidx.work:work-runtime:2.4.0] AndroidManifest.xml:30:5-141:19
MERGED from [androidx.work:work-runtime:2.4.0] AndroidManifest.xml:30:5-141:19
MERGED from [androidx.core:core:1.6.0] AndroidManifest.xml:24:5-89
MERGED from [androidx.core:core:1.6.0] AndroidManifest.xml:24:5-89
MERGED from [androidx.room:room-runtime:2.2.5] AndroidManifest.xml:24:5-29:19
MERGED from [androidx.room:room-runtime:2.2.5] AndroidManifest.xml:24:5-29:19
MERGED from [androidx.versionedparcelable:versionedparcelable:1.1.1] AndroidManifest.xml:24:5-25:19
MERGED from [androidx.versionedparcelable:versionedparcelable:1.1.1] AndroidManifest.xml:24:5-25:19
MERGED from [com.transistorsoft:tsbackgroundfetch:0.5.5] AndroidManifest.xml:16:5-32:19
MERGED from [com.transistorsoft:tsbackgroundfetch:0.5.5] AndroidManifest.xml:16:5-32:19
MERGED from [com.jakewharton.threetenabp:threetenabp:1.2.3] AndroidManifest.xml:7:5-20
MERGED from [com.jakewharton.threetenabp:threetenabp:1.2.3] AndroidManifest.xml:7:5-20
	android:appComponentFactory
		ADDED from [androidx.core:core:1.6.0] AndroidManifest.xml:24:18-86
	android:label
		ADDED from src\main\AndroidManifest.xml:6:9-32
	android:icon
		ADDED from src\main\AndroidManifest.xml:8:9-43
	tools:replace
		ADDED from src\main\AndroidManifest.xml:7:9-38
activity#com.example.avocado.MainActivity
ADDED from src\main\AndroidManifest.xml:9:9-29:20
	android:launchMode
		ADDED from src\main\AndroidManifest.xml:11:13-43
	android:hardwareAccelerated
		ADDED from src\main\AndroidManifest.xml:14:13-47
	android:windowSoftInputMode
		ADDED from src\main\AndroidManifest.xml:15:13-55
	android:configChanges
		ADDED from src\main\AndroidManifest.xml:13:13-163
	android:theme
		ADDED from src\main\AndroidManifest.xml:12:13-47
	android:name
		ADDED from src\main\AndroidManifest.xml:10:13-41
meta-data#io.flutter.embedding.android.NormalTheme
ADDED from src\main\AndroidManifest.xml:21:13-24:17
	android:resource
		ADDED from src\main\AndroidManifest.xml:23:15-52
	android:name
		ADDED from src\main\AndroidManifest.xml:22:15-70
intent-filter#action:name:android.intent.action.MAIN+category:name:android.intent.category.LAUNCHER
ADDED from src\main\AndroidManifest.xml:25:13-28:29
action#android.intent.action.MAIN
ADDED from src\main\AndroidManifest.xml:26:17-68
	android:name
		ADDED from src\main\AndroidManifest.xml:26:25-66
category#android.intent.category.LAUNCHER
ADDED from src\main\AndroidManifest.xml:27:17-76
	android:name
		ADDED from src\main\AndroidManifest.xml:27:27-74
meta-data#flutterEmbedding
ADDED from src\main\AndroidManifest.xml:32:9-34:33
	android:value
		ADDED from src\main\AndroidManifest.xml:34:13-30
	android:name
		ADDED from src\main\AndroidManifest.xml:33:13-44
uses-sdk
INJECTED from src\main\AndroidManifest.xml reason: use-sdk injection requested
INJECTED from src\main\AndroidManifest.xml
INJECTED from src\main\AndroidManifest.xml
MERGED from [:image_picker_android] AndroidManifest.xml:5:5-44
MERGED from [:image_picker_android] AndroidManifest.xml:5:5-44
MERGED from [:flutter_plugin_android_lifecycle] AndroidManifest.xml:5:5-44
MERGED from [:flutter_plugin_android_lifecycle] AndroidManifest.xml:5:5-44
MERGED from [:background_fetch] AndroidManifest.xml:5:5-44
MERGED from [:background_fetch] AndroidManifest.xml:5:5-44
MERGED from [:sqflite] AndroidManifest.xml:5:5-44
MERGED from [:sqflite] AndroidManifest.xml:5:5-44
MERGED from [:flutter_local_notifications] AndroidManifest.xml:5:5-44
MERGED from [:flutter_local_notifications] AndroidManifest.xml:5:5-44
MERGED from [:url_launcher_android] AndroidManifest.xml:5:5-44
MERGED from [:url_launcher_android] AndroidManifest.xml:5:5-44
MERGED from [:path_provider_android] AndroidManifest.xml:5:5-44
MERGED from [:path_provider_android] AndroidManifest.xml:5:5-44
MERGED from [:shared_preferences_android] AndroidManifest.xml:5:5-44
MERGED from [:shared_preferences_android] AndroidManifest.xml:5:5-44
MERGED from [:hexcolor] AndroidManifest.xml:5:5-44
MERGED from [:hexcolor] AndroidManifest.xml:5:5-44
MERGED from [:fluttertoast] AndroidManifest.xml:5:5-44
MERGED from [:fluttertoast] AndroidManifest.xml:5:5-44
MERGED from [:advance_pdf_viewer] AndroidManifest.xml:5:5-44
MERGED from [:advance_pdf_viewer] AndroidManifest.xml:5:5-44
MERGED from [:workmanager] AndroidManifest.xml:5:5-44
MERGED from [:workmanager] AndroidManifest.xml:5:5-44
MERGED from [androidx.window:window-java:1.0.0-beta04] AndroidManifest.xml:19:5-21:41
MERGED from [androidx.window:window-java:1.0.0-beta04] AndroidManifest.xml:19:5-21:41
MERGED from [androidx.window:window:1.0.0-beta04] AndroidManifest.xml:20:5-22:41
MERGED from [androidx.window:window:1.0.0-beta04] AndroidManifest.xml:20:5-22:41
MERGED from [androidx.appcompat:appcompat:1.1.0] AndroidManifest.xml:20:5-22:41
MERGED from [androidx.appcompat:appcompat:1.1.0] AndroidManifest.xml:20:5-22:41
MERGED from [androidx.exifinterface:exifinterface:1.3.0] AndroidManifest.xml:20:5-22:41
MERGED from [androidx.exifinterface:exifinterface:1.3.0] AndroidManifest.xml:20:5-22:41
MERGED from [androidx.media:media:1.1.0] AndroidManifest.xml:20:5-22:41
MERGED from [androidx.media:media:1.1.0] AndroidManifest.xml:20:5-22:41
MERGED from [androidx.work:work-runtime:2.4.0] AndroidManifest.xml:21:5-23:41
MERGED from [androidx.work:work-runtime:2.4.0] AndroidManifest.xml:21:5-23:41
MERGED from [androidx.fragment:fragment:1.1.0] AndroidManifest.xml:20:5-22:41
MERGED from [androidx.fragment:fragment:1.1.0] AndroidManifest.xml:20:5-22:41
MERGED from [androidx.appcompat:appcompat-resources:1.1.0] AndroidManifest.xml:20:5-22:41
MERGED from [androidx.appcompat:appcompat-resources:1.1.0] AndroidManifest.xml:20:5-22:41
MERGED from [androidx.drawerlayout:drawerlayout:1.0.0] AndroidManifest.xml:20:5-44
MERGED from [androidx.drawerlayout:drawerlayout:1.0.0] AndroidManifest.xml:20:5-44
MERGED from [androidx.viewpager:viewpager:1.0.0] AndroidManifest.xml:20:5-44
MERGED from [androidx.viewpager:viewpager:1.0.0] AndroidManifest.xml:20:5-44
MERGED from [androidx.loader:loader:1.0.0] AndroidManifest.xml:20:5-44
MERGED from [androidx.loader:loader:1.0.0] AndroidManifest.xml:20:5-44
MERGED from [androidx.activity:activity:1.0.0] AndroidManifest.xml:20:5-22:41
MERGED from [androidx.activity:activity:1.0.0] AndroidManifest.xml:20:5-22:41
MERGED from [androidx.vectordrawable:vectordrawable-animated:1.1.0] AndroidManifest.xml:20:5-22:41
MERGED from [androidx.vectordrawable:vectordrawable-animated:1.1.0] AndroidManifest.xml:20:5-22:41
MERGED from [androidx.vectordrawable:vectordrawable:1.1.0] AndroidManifest.xml:20:5-22:41
MERGED from [androidx.vectordrawable:vectordrawable:1.1.0] AndroidManifest.xml:20:5-22:41
MERGED from [androidx.customview:customview:1.0.0] AndroidManifest.xml:20:5-44
MERGED from [androidx.customview:customview:1.0.0] AndroidManifest.xml:20:5-44
MERGED from [androidx.core:core:1.6.0] AndroidManifest.xml:20:5-22:41
MERGED from [androidx.core:core:1.6.0] AndroidManifest.xml:20:5-22:41
MERGED from [androidx.lifecycle:lifecycle-service:2.1.0] AndroidManifest.xml:20:5-44
MERGED from [androidx.lifecycle:lifecycle-service:2.1.0] AndroidManifest.xml:20:5-44
MERGED from [androidx.lifecycle:lifecycle-runtime:2.2.0] AndroidManifest.xml:20:5-22:41
MERGED from [androidx.lifecycle:lifecycle-runtime:2.2.0] AndroidManifest.xml:20:5-22:41
MERGED from [androidx.lifecycle:lifecycle-livedata:2.1.0] AndroidManifest.xml:20:5-44
MERGED from [androidx.lifecycle:lifecycle-livedata:2.1.0] AndroidManifest.xml:20:5-44
MERGED from [androidx.lifecycle:lifecycle-livedata-core:2.1.0] AndroidManifest.xml:20:5-44
MERGED from [androidx.lifecycle:lifecycle-livedata-core:2.1.0] AndroidManifest.xml:20:5-44
MERGED from [androidx.savedstate:savedstate:1.0.0] AndroidManifest.xml:20:5-22:41
MERGED from [androidx.savedstate:savedstate:1.0.0] AndroidManifest.xml:20:5-22:41
MERGED from [androidx.tracing:tracing:1.0.0] AndroidManifest.xml:20:5-22:41
MERGED from [androidx.tracing:tracing:1.0.0] AndroidManifest.xml:20:5-22:41
MERGED from [androidx.cursoradapter:cursoradapter:1.0.0] AndroidManifest.xml:20:5-44
MERGED from [androidx.cursoradapter:cursoradapter:1.0.0] AndroidManifest.xml:20:5-44
MERGED from [androidx.room:room-runtime:2.2.5] AndroidManifest.xml:20:5-22:41
MERGED from [androidx.room:room-runtime:2.2.5] AndroidManifest.xml:20:5-22:41
MERGED from [androidx.sqlite:sqlite-framework:2.1.0] AndroidManifest.xml:20:5-22:41
MERGED from [androidx.sqlite:sqlite-framework:2.1.0] AndroidManifest.xml:20:5-22:41
MERGED from [androidx.sqlite:sqlite:2.1.0] AndroidManifest.xml:20:5-22:41
MERGED from [androidx.sqlite:sqlite:2.1.0] AndroidManifest.xml:20:5-22:41
MERGED from [androidx.versionedparcelable:versionedparcelable:1.1.1] AndroidManifest.xml:20:5-22:41
MERGED from [androidx.versionedparcelable:versionedparcelable:1.1.1] AndroidManifest.xml:20:5-22:41
MERGED from [androidx.arch.core:core-runtime:2.1.0] AndroidManifest.xml:20:5-22:41
MERGED from [androidx.arch.core:core-runtime:2.1.0] AndroidManifest.xml:20:5-22:41
MERGED from [androidx.lifecycle:lifecycle-viewmodel:2.1.0] AndroidManifest.xml:20:5-44
MERGED from [androidx.lifecycle:lifecycle-viewmodel:2.1.0] AndroidManifest.xml:20:5-44
MERGED from [androidx.interpolator:interpolator:1.0.0] AndroidManifest.xml:20:5-44
MERGED from [androidx.interpolator:interpolator:1.0.0] AndroidManifest.xml:20:5-44
MERGED from [com.transistorsoft:tsbackgroundfetch:0.5.5] AndroidManifest.xml:7:5-9:41
MERGED from [com.transistorsoft:tsbackgroundfetch:0.5.5] AndroidManifest.xml:7:5-9:41
MERGED from [com.jakewharton.threetenabp:threetenabp:1.2.3] AndroidManifest.xml:5:5-44
MERGED from [com.jakewharton.threetenabp:threetenabp:1.2.3] AndroidManifest.xml:5:5-44
MERGED from [androidx.annotation:annotation-experimental:1.1.0] AndroidManifest.xml:20:5-22:41
MERGED from [androidx.annotation:annotation-experimental:1.1.0] AndroidManifest.xml:20:5-22:41
INJECTED from src\debug\AndroidManifest.xml
INJECTED from src\debug\AndroidManifest.xml
	android:targetSdkVersion
		INJECTED from src\main\AndroidManifest.xml
		INJECTED from src\debug\AndroidManifest.xml
	android:minSdkVersion
		INJECTED from src\main\AndroidManifest.xml
		INJECTED from src\debug\AndroidManifest.xml
queries
ADDED from src\debug\AndroidManifest.xml:7:5-28:15
intent#action:name:android.intent.action.VIEW+data:scheme:https
ADDED from src\debug\AndroidManifest.xml:9:9-12:18
action#android.intent.action.VIEW
ADDED from src\debug\AndroidManifest.xml:10:13-65
	android:name
		ADDED from src\debug\AndroidManifest.xml:10:21-62
data
ADDED from src\debug\AndroidManifest.xml:11:13-44
	android:scheme
		ADDED from src\debug\AndroidManifest.xml:11:19-41
	android:mimeType
		ADDED from src\debug\AndroidManifest.xml:26:19-41
intent#action:name:android.intent.action.DIAL+data:scheme:tel
ADDED from src\debug\AndroidManifest.xml:14:9-17:18
action#android.intent.action.DIAL
ADDED from src\debug\AndroidManifest.xml:15:13-65
	android:name
		ADDED from src\debug\AndroidManifest.xml:15:21-62
intent#action:name:android.intent.action.SENDTO+data:scheme:smsto
ADDED from src\debug\AndroidManifest.xml:19:9-22:18
action#android.intent.action.SENDTO
ADDED from src\debug\AndroidManifest.xml:20:13-67
	android:name
		ADDED from src\debug\AndroidManifest.xml:20:21-64
intent#action:name:android.intent.action.SEND+data:mimeType:*/*
ADDED from src\debug\AndroidManifest.xml:24:9-27:18
action#android.intent.action.SEND
ADDED from src\debug\AndroidManifest.xml:25:13-65
	android:name
		ADDED from src\debug\AndroidManifest.xml:25:21-62
provider#io.flutter.plugins.imagepicker.ImagePickerFileProvider
ADDED from [:image_picker_android] AndroidManifest.xml:8:9-16:20
	android:grantUriPermissions
		ADDED from [:image_picker_android] AndroidManifest.xml:12:13-47
	android:authorities
		ADDED from [:image_picker_android] AndroidManifest.xml:10:13-74
	android:exported
		ADDED from [:image_picker_android] AndroidManifest.xml:11:13-37
	android:name
		ADDED from [:image_picker_android] AndroidManifest.xml:9:13-82
meta-data#android.support.FILE_PROVIDER_PATHS
ADDED from [:image_picker_android] AndroidManifest.xml:13:13-15:75
	android:resource
		ADDED from [:image_picker_android] AndroidManifest.xml:15:17-72
	android:name
		ADDED from [:image_picker_android] AndroidManifest.xml:14:17-67
uses-permission#android.permission.RECEIVE_BOOT_COMPLETED
ADDED from [:flutter_local_notifications] AndroidManifest.xml:7:5-81
MERGED from [androidx.work:work-runtime:2.4.0] AndroidManifest.xml:27:5-81
MERGED from [androidx.work:work-runtime:2.4.0] AndroidManifest.xml:27:5-81
MERGED from [com.transistorsoft:tsbackgroundfetch:0.5.5] AndroidManifest.xml:11:5-81
MERGED from [com.transistorsoft:tsbackgroundfetch:0.5.5] AndroidManifest.xml:11:5-81
	android:name
		ADDED from [:flutter_local_notifications] AndroidManifest.xml:7:22-78
uses-permission#android.permission.VIBRATE
ADDED from [:flutter_local_notifications] AndroidManifest.xml:8:5-66
	android:name
		ADDED from [:flutter_local_notifications] AndroidManifest.xml:8:22-63
uses-permission#android.permission.USE_FULL_SCREEN_INTENT
ADDED from [:flutter_local_notifications] AndroidManifest.xml:9:5-81
	android:name
		ADDED from [:flutter_local_notifications] AndroidManifest.xml:9:22-78
uses-permission#android.permission.SCHEDULE_EXACT_ALARM
ADDED from [:flutter_local_notifications] AndroidManifest.xml:10:5-79
MERGED from [com.transistorsoft:tsbackgroundfetch:0.5.5] AndroidManifest.xml:13:5-79
MERGED from [com.transistorsoft:tsbackgroundfetch:0.5.5] AndroidManifest.xml:13:5-79
	android:name
		ADDED from [:flutter_local_notifications] AndroidManifest.xml:10:22-76
receiver#com.dexterous.flutterlocalnotifications.ScheduledNotificationReceiver
ADDED from [:flutter_local_notifications] AndroidManifest.xml:13:9-15:40
	android:exported
		ADDED from [:flutter_local_notifications] AndroidManifest.xml:15:13-37
	android:name
		ADDED from [:flutter_local_notifications] AndroidManifest.xml:14:13-97
receiver#com.dexterous.flutterlocalnotifications.ScheduledNotificationBootReceiver
ADDED from [:flutter_local_notifications] AndroidManifest.xml:16:9-25:20
	android:exported
		ADDED from [:flutter_local_notifications] AndroidManifest.xml:18:13-37
	android:name
		ADDED from [:flutter_local_notifications] AndroidManifest.xml:17:13-101
intent-filter#action:name:android.intent.action.BOOT_COMPLETED+action:name:android.intent.action.MY_PACKAGE_REPLACED+action:name:android.intent.action.QUICKBOOT_POWERON+action:name:com.htc.intent.action.QUICKBOOT_POWERON
ADDED from [:flutter_local_notifications] AndroidManifest.xml:19:13-24:29
action#android.intent.action.BOOT_COMPLETED
ADDED from [:flutter_local_notifications] AndroidManifest.xml:20:17-79
	android:name
		ADDED from [:flutter_local_notifications] AndroidManifest.xml:20:25-76
action#android.intent.action.MY_PACKAGE_REPLACED
ADDED from [:flutter_local_notifications] AndroidManifest.xml:21:17-84
	android:name
		ADDED from [:flutter_local_notifications] AndroidManifest.xml:21:25-81
action#android.intent.action.QUICKBOOT_POWERON
ADDED from [:flutter_local_notifications] AndroidManifest.xml:22:17-82
	android:name
		ADDED from [:flutter_local_notifications] AndroidManifest.xml:22:25-79
action#com.htc.intent.action.QUICKBOOT_POWERON
ADDED from [:flutter_local_notifications] AndroidManifest.xml:23:17-82
	android:name
		ADDED from [:flutter_local_notifications] AndroidManifest.xml:23:25-79
activity#io.flutter.plugins.urllauncher.WebViewActivity
ADDED from [:url_launcher_android] AndroidManifest.xml:8:9-11:74
	android:exported
		ADDED from [:url_launcher_android] AndroidManifest.xml:10:13-37
	android:theme
		ADDED from [:url_launcher_android] AndroidManifest.xml:11:13-71
	android:name
		ADDED from [:url_launcher_android] AndroidManifest.xml:9:13-74
uses-library#androidx.window.extensions
ADDED from [androidx.window:window:1.0.0-beta04] AndroidManifest.xml:25:9-27:40
	android:required
		ADDED from [androidx.window:window:1.0.0-beta04] AndroidManifest.xml:27:13-37
	android:name
		ADDED from [androidx.window:window:1.0.0-beta04] AndroidManifest.xml:26:13-54
uses-library#androidx.window.sidecar
ADDED from [androidx.window:window:1.0.0-beta04] AndroidManifest.xml:28:9-30:40
	android:required
		ADDED from [androidx.window:window:1.0.0-beta04] AndroidManifest.xml:30:13-37
	android:name
		ADDED from [androidx.window:window:1.0.0-beta04] AndroidManifest.xml:29:13-51
uses-permission#android.permission.WAKE_LOCK
ADDED from [androidx.work:work-runtime:2.4.0] AndroidManifest.xml:25:5-68
MERGED from [com.transistorsoft:tsbackgroundfetch:0.5.5] AndroidManifest.xml:12:5-68
MERGED from [com.transistorsoft:tsbackgroundfetch:0.5.5] AndroidManifest.xml:12:5-68
	android:name
		ADDED from [androidx.work:work-runtime:2.4.0] AndroidManifest.xml:25:22-65
uses-permission#android.permission.ACCESS_NETWORK_STATE
ADDED from [androidx.work:work-runtime:2.4.0] AndroidManifest.xml:26:5-79
	android:name
		ADDED from [androidx.work:work-runtime:2.4.0] AndroidManifest.xml:26:22-76
uses-permission#android.permission.FOREGROUND_SERVICE
ADDED from [androidx.work:work-runtime:2.4.0] AndroidManifest.xml:28:5-77
	android:name
		ADDED from [androidx.work:work-runtime:2.4.0] AndroidManifest.xml:28:22-74
provider#androidx.work.impl.WorkManagerInitializer
ADDED from [androidx.work:work-runtime:2.4.0] AndroidManifest.xml:31:9-37:35
	android:authorities
		ADDED from [androidx.work:work-runtime:2.4.0] AndroidManifest.xml:33:13-68
	android:multiprocess
		ADDED from [androidx.work:work-runtime:2.4.0] AndroidManifest.xml:36:13-40
	android:exported
		ADDED from [androidx.work:work-runtime:2.4.0] AndroidManifest.xml:35:13-37
	tools:targetApi
		ADDED from [androidx.work:work-runtime:2.4.0] AndroidManifest.xml:37:13-32
	android:directBootAware
		ADDED from [androidx.work:work-runtime:2.4.0] AndroidManifest.xml:34:13-44
	android:name
		ADDED from [androidx.work:work-runtime:2.4.0] AndroidManifest.xml:32:13-69
service#androidx.work.impl.background.systemalarm.SystemAlarmService
ADDED from [androidx.work:work-runtime:2.4.0] AndroidManifest.xml:39:9-44:35
	android:enabled
		ADDED from [androidx.work:work-runtime:2.4.0] AndroidManifest.xml:42:13-72
	android:exported
		ADDED from [androidx.work:work-runtime:2.4.0] AndroidManifest.xml:43:13-37
	tools:targetApi
		ADDED from [androidx.work:work-runtime:2.4.0] AndroidManifest.xml:44:13-32
	android:directBootAware
		ADDED from [androidx.work:work-runtime:2.4.0] AndroidManifest.xml:41:13-44
	android:name
		ADDED from [androidx.work:work-runtime:2.4.0] AndroidManifest.xml:40:13-88
service#androidx.work.impl.background.systemjob.SystemJobService
ADDED from [androidx.work:work-runtime:2.4.0] AndroidManifest.xml:45:9-51:35
	android:enabled
		ADDED from [androidx.work:work-runtime:2.4.0] AndroidManifest.xml:48:13-70
	android:exported
		ADDED from [androidx.work:work-runtime:2.4.0] AndroidManifest.xml:49:13-36
	android:permission
		ADDED from [androidx.work:work-runtime:2.4.0] AndroidManifest.xml:50:13-69
	tools:targetApi
		ADDED from [androidx.work:work-runtime:2.4.0] AndroidManifest.xml:51:13-32
	android:directBootAware
		ADDED from [androidx.work:work-runtime:2.4.0] AndroidManifest.xml:47:13-44
	android:name
		ADDED from [androidx.work:work-runtime:2.4.0] AndroidManifest.xml:46:13-84
service#androidx.work.impl.foreground.SystemForegroundService
ADDED from [androidx.work:work-runtime:2.4.0] AndroidManifest.xml:52:9-57:35
	android:enabled
		ADDED from [androidx.work:work-runtime:2.4.0] AndroidManifest.xml:55:13-77
	android:exported
		ADDED from [androidx.work:work-runtime:2.4.0] AndroidManifest.xml:56:13-37
	tools:targetApi
		ADDED from [androidx.work:work-runtime:2.4.0] AndroidManifest.xml:57:13-32
	android:directBootAware
		ADDED from [androidx.work:work-runtime:2.4.0] AndroidManifest.xml:54:13-44
	android:name
		ADDED from [androidx.work:work-runtime:2.4.0] AndroidManifest.xml:53:13-81
receiver#androidx.work.impl.utils.ForceStopRunnable$BroadcastReceiver
ADDED from [androidx.work:work-runtime:2.4.0] AndroidManifest.xml:59:9-64:35
	android:enabled
		ADDED from [androidx.work:work-runtime:2.4.0] AndroidManifest.xml:62:13-35
	android:exported
		ADDED from [androidx.work:work-runtime:2.4.0] AndroidManifest.xml:63:13-37
	tools:targetApi
		ADDED from [androidx.work:work-runtime:2.4.0] AndroidManifest.xml:64:13-32
	android:directBootAware
		ADDED from [androidx.work:work-runtime:2.4.0] AndroidManifest.xml:61:13-44
	android:name
		ADDED from [androidx.work:work-runtime:2.4.0] AndroidManifest.xml:60:13-88
receiver#androidx.work.impl.background.systemalarm.ConstraintProxy$BatteryChargingProxy
ADDED from [androidx.work:work-runtime:2.4.0] AndroidManifest.xml:65:9-75:20
	android:enabled
		ADDED from [androidx.work:work-runtime:2.4.0] AndroidManifest.xml:68:13-36
	android:exported
		ADDED from [androidx.work:work-runtime:2.4.0] AndroidManifest.xml:69:13-37
	tools:targetApi
		ADDED from [androidx.work:work-runtime:2.4.0] AndroidManifest.xml:70:13-32
	android:directBootAware
		ADDED from [androidx.work:work-runtime:2.4.0] AndroidManifest.xml:67:13-44
	android:name
		ADDED from [androidx.work:work-runtime:2.4.0] AndroidManifest.xml:66:13-106
intent-filter#action:name:android.intent.action.ACTION_POWER_CONNECTED+action:name:android.intent.action.ACTION_POWER_DISCONNECTED
ADDED from [androidx.work:work-runtime:2.4.0] AndroidManifest.xml:71:13-74:29
action#android.intent.action.ACTION_POWER_CONNECTED
ADDED from [androidx.work:work-runtime:2.4.0] AndroidManifest.xml:72:17-87
	android:name
		ADDED from [androidx.work:work-runtime:2.4.0] AndroidManifest.xml:72:25-84
action#android.intent.action.ACTION_POWER_DISCONNECTED
ADDED from [androidx.work:work-runtime:2.4.0] AndroidManifest.xml:73:17-90
	android:name
		ADDED from [androidx.work:work-runtime:2.4.0] AndroidManifest.xml:73:25-87
receiver#androidx.work.impl.background.systemalarm.ConstraintProxy$BatteryNotLowProxy
ADDED from [androidx.work:work-runtime:2.4.0] AndroidManifest.xml:76:9-86:20
	android:enabled
		ADDED from [androidx.work:work-runtime:2.4.0] AndroidManifest.xml:79:13-36
	android:exported
		ADDED from [androidx.work:work-runtime:2.4.0] AndroidManifest.xml:80:13-37
	tools:targetApi
		ADDED from [androidx.work:work-runtime:2.4.0] AndroidManifest.xml:81:13-32
	android:directBootAware
		ADDED from [androidx.work:work-runtime:2.4.0] AndroidManifest.xml:78:13-44
	android:name
		ADDED from [androidx.work:work-runtime:2.4.0] AndroidManifest.xml:77:13-104
intent-filter#action:name:android.intent.action.BATTERY_LOW+action:name:android.intent.action.BATTERY_OKAY
ADDED from [androidx.work:work-runtime:2.4.0] AndroidManifest.xml:82:13-85:29
action#android.intent.action.BATTERY_OKAY
ADDED from [androidx.work:work-runtime:2.4.0] AndroidManifest.xml:83:17-77
	android:name
		ADDED from [androidx.work:work-runtime:2.4.0] AndroidManifest.xml:83:25-74
action#android.intent.action.BATTERY_LOW
ADDED from [androidx.work:work-runtime:2.4.0] AndroidManifest.xml:84:17-76
	android:name
		ADDED from [androidx.work:work-runtime:2.4.0] AndroidManifest.xml:84:25-73
receiver#androidx.work.impl.background.systemalarm.ConstraintProxy$StorageNotLowProxy
ADDED from [androidx.work:work-runtime:2.4.0] AndroidManifest.xml:87:9-97:20
	android:enabled
		ADDED from [androidx.work:work-runtime:2.4.0] AndroidManifest.xml:90:13-36
	android:exported
		ADDED from [androidx.work:work-runtime:2.4.0] AndroidManifest.xml:91:13-37
	tools:targetApi
		ADDED from [androidx.work:work-runtime:2.4.0] AndroidManifest.xml:92:13-32
	android:directBootAware
		ADDED from [androidx.work:work-runtime:2.4.0] AndroidManifest.xml:89:13-44
	android:name
		ADDED from [androidx.work:work-runtime:2.4.0] AndroidManifest.xml:88:13-104
intent-filter#action:name:android.intent.action.DEVICE_STORAGE_LOW+action:name:android.intent.action.DEVICE_STORAGE_OK
ADDED from [androidx.work:work-runtime:2.4.0] AndroidManifest.xml:93:13-96:29
action#android.intent.action.DEVICE_STORAGE_LOW
ADDED from [androidx.work:work-runtime:2.4.0] AndroidManifest.xml:94:17-83
	android:name
		ADDED from [androidx.work:work-runtime:2.4.0] AndroidManifest.xml:94:25-80
action#android.intent.action.DEVICE_STORAGE_OK
ADDED from [androidx.work:work-runtime:2.4.0] AndroidManifest.xml:95:17-82
	android:name
		ADDED from [androidx.work:work-runtime:2.4.0] AndroidManifest.xml:95:25-79
receiver#androidx.work.impl.background.systemalarm.ConstraintProxy$NetworkStateProxy